0 info it worked if it ends with ok
1 verbose cli [ 'node', '/usr/local/bin/npm', 'install', '-g', 'bower' ]
2 info using npm@1.4.28
3 info using node@v0.10.33
4 verbose cache add [ 'bower', null ]
5 verbose cache add name=undefined spec="bower" args=["bower",null]
6 verbose parsed url { protocol: null,
6 verbose parsed url   slashes: null,
6 verbose parsed url   auth: null,
6 verbose parsed url   host: null,
6 verbose parsed url   port: null,
6 verbose parsed url   hostname: null,
6 verbose parsed url   hash: null,
6 verbose parsed url   search: null,
6 verbose parsed url   query: null,
6 verbose parsed url   pathname: 'bower',
6 verbose parsed url   path: 'bower',
6 verbose parsed url   href: 'bower' }
7 silly lockFile 206e3ce5-bower bower
8 verbose lock bower /Users/ibad444/.npm/206e3ce5-bower.lock
9 silly lockFile 206e3ce5-bower bower
10 silly lockFile 206e3ce5-bower bower
11 verbose addNamed [ 'bower', '' ]
12 verbose addNamed [ null, '*' ]
13 silly lockFile 1240aab1-bower bower@
14 verbose lock bower@ /Users/ibad444/.npm/1240aab1-bower.lock
15 silly addNameRange { name: 'bower', range: '*', hasData: false }
16 verbose registry.get https://registry.npmjs.org/bower not expired, no request
17 silly addNameRange number 2 { name: 'bower', range: '*', hasData: true }
18 silly addNameRange versions [ 'bower',
18 silly addNameRange   [ '0.1.0',
18 silly addNameRange     '0.1.2',
18 silly addNameRange     '0.1.3',
18 silly addNameRange     '0.2.0',
18 silly addNameRange     '0.3.0',
18 silly addNameRange     '0.3.1',
18 silly addNameRange     '0.3.2',
18 silly addNameRange     '0.4.0',
18 silly addNameRange     '0.5.0',
18 silly addNameRange     '0.5.1',
18 silly addNameRange     '0.6.0',
18 silly addNameRange     '0.6.1',
18 silly addNameRange     '0.6.2',
18 silly addNameRange     '0.6.3',
18 silly addNameRange     '0.6.4',
18 silly addNameRange     '0.6.5',
18 silly addNameRange     '0.6.6',
18 silly addNameRange     '0.6.7',
18 silly addNameRange     '0.6.8',
18 silly addNameRange     '0.7.0',
18 silly addNameRange     '0.7.1',
18 silly addNameRange     '0.8.0',
18 silly addNameRange     '0.8.1',
18 silly addNameRange     '0.8.2',
18 silly addNameRange     '0.8.3',
18 silly addNameRange     '0.8.4',
18 silly addNameRange     '0.8.5',
18 silly addNameRange     '0.8.6',
18 silly addNameRange     '0.9.0',
18 silly addNameRange     '0.9.1',
18 silly addNameRange     '0.9.2',
18 silly addNameRange     '0.10.0',
18 silly addNameRange     '1.0.0',
18 silly addNameRange     '1.0.1',
18 silly addNameRange     '1.0.2',
18 silly addNameRange     '1.0.3',
18 silly addNameRange     '1.1.0',
18 silly addNameRange     '1.1.1',
18 silly addNameRange     '1.1.2',
18 silly addNameRange     '1.2.0',
18 silly addNameRange     '1.2.1',
18 silly addNameRange     '1.2.2',
18 silly addNameRange     '1.2.3',
18 silly addNameRange     '1.2.4',
18 silly addNameRange     '1.2.5',
18 silly addNameRange     '1.2.6',
18 silly addNameRange     '1.2.7',
18 silly addNameRange     '1.2.8',
18 silly addNameRange     '1.3.0',
18 silly addNameRange     '1.3.1',
18 silly addNameRange     '1.3.2',
18 silly addNameRange     '1.3.3',
18 silly addNameRange     '1.3.4',
18 silly addNameRange     '1.3.5',
18 silly addNameRange     '1.3.6',
18 silly addNameRange     '1.3.7',
18 silly addNameRange     '1.3.8',
18 silly addNameRange     '1.3.9',
18 silly addNameRange     '1.3.10',
18 silly addNameRange     '1.3.11',
18 silly addNameRange     '1.3.12',
18 silly addNameRange     '1.4.0',
18 silly addNameRange     '1.4.1',
18 silly addNameRange     '1.5.0',
18 silly addNameRange     '1.5.1',
18 silly addNameRange     '1.5.2',
18 silly addNameRange     '1.5.3',
18 silly addNameRange     '1.6.2',
18 silly addNameRange     '1.6.3',
18 silly addNameRange     '1.6.4',
18 silly addNameRange     '1.6.5',
18 silly addNameRange     '1.5.4',
18 silly addNameRange     '1.4.2',
18 silly addNameRange     '1.6.6',
18 silly addNameRange     '1.6.7',
18 silly addNameRange     '1.6.8',
18 silly addNameRange     '1.6.9',
18 silly addNameRange     '1.7.0',
18 silly addNameRange     '1.7.1',
18 silly addNameRange     '1.7.2',
18 silly addNameRange     '1.7.5',
18 silly addNameRange     '1.7.6',
18 silly addNameRange     '1.7.7',
18 silly addNameRange     '1.7.8',
18 silly addNameRange     '1.7.9',
18 silly addNameRange     '1.8.0' ] ]
19 verbose addNamed [ 'bower', '1.8.0' ]
20 verbose addNamed [ '1.8.0', '1.8.0' ]
21 silly lockFile 8d20daf9-bower-1-8-0 bower@1.8.0
22 verbose lock bower@1.8.0 /Users/ibad444/.npm/8d20daf9-bower-1-8-0.lock
23 warn deprecated bower@1.8.0: ..psst! While Bower is maintained, we recommend Yarn and Webpack for *new* front-end projects! Yarn's advantage is security and reliability, and Webpack's is support for both CommonJS and AMD projects. Currently there's no migration path, but please help to create it: https://github.com/bower/bower/issues/2467
24 silly lockFile 8d20daf9-bower-1-8-0 bower@1.8.0
25 silly lockFile 8d20daf9-bower-1-8-0 bower@1.8.0
26 silly lockFile 1240aab1-bower bower@
27 silly lockFile 1240aab1-bower bower@
28 silly resolved [ { name: 'bower',
28 silly resolved     version: '1.8.0',
28 silly resolved     description: 'The browser package manager',
28 silly resolved     author: { name: 'Twitter' },
28 silly resolved     license: 'MIT',
28 silly resolved     repository: { type: 'git', url: 'git+https://github.com/bower/bower.git' },
28 silly resolved     main: 'lib',
28 silly resolved     bin: { bower: 'bin/bower' },
28 silly resolved     homepage: 'http://bower.io',
28 silly resolved     engines: { node: '>=0.10.0' },
28 silly resolved     keywords: [ 'bower' ],
28 silly resolved     files: [ 'bin', 'lib' ],
28 silly resolved     bugs: { url: 'https://github.com/bower/bower/issues' },
28 silly resolved     _id: 'bower@1.8.0',
28 silly resolved     scripts: {},
28 silly resolved     _shasum: '55dbebef0ad9155382d9e9d3e497c1372345b44a',
28 silly resolved     _from: 'bower@',
28 silly resolved     _npmVersion: '3.10.9',
28 silly resolved     _nodeVersion: '4.4.6',
28 silly resolved     _npmUser: { name: 'sheerun', email: 'sheerun@sher.pl' },
28 silly resolved     dist:
28 silly resolved      { shasum: '55dbebef0ad9155382d9e9d3e497c1372345b44a',
28 silly resolved        tarball: 'https://registry.npmjs.org/bower/-/bower-1.8.0.tgz' },
28 silly resolved     maintainers:
28 silly resolved      [ [Object],
28 silly resolved        [Object],
28 silly resolved        [Object],
28 silly resolved        [Object],
28 silly resolved        [Object],
28 silly resolved        [Object],
28 silly resolved        [Object] ],
28 silly resolved     _npmOperationalInternal:
28 silly resolved      { host: 'packages-18-east.internal.npmjs.com',
28 silly resolved        tmp: 'tmp/bower-1.8.0.tgz_1478512918020_0.7136248126626015' },
28 silly resolved     directories: {},
28 silly resolved     deprecated: '..psst! While Bower is maintained, we recommend Yarn and Webpack for *new* front-end projects! Yarn\'s advantage is security and reliability, and Webpack\'s is support for both CommonJS and AMD projects. Currently there\'s no migration path, but please help to create it: https://github.com/bower/bower/issues/2467',
28 silly resolved     _resolved: 'https://registry.npmjs.org/bower/-/bower-1.8.0.tgz',
28 silly resolved     readme: 'ERROR: No README data found!' } ]
29 info install bower@1.8.0 into /usr/local/lib
30 info installOne bower@1.8.0
31 verbose lib/node_modules/bower unbuild
32 verbose tar unpack /Users/ibad444/.npm/bower/1.8.0/package.tgz
33 silly lockFile 1396471b-usr-local-lib-node-modules-bower tar:///usr/local/lib/node_modules/bower
34 verbose lock tar:///usr/local/lib/node_modules/bower /Users/ibad444/.npm/1396471b-usr-local-lib-node-modules-bower.lock
35 silly lockFile 3854db7a-d444-npm-bower-1-8-0-package-tgz tar:///Users/ibad444/.npm/bower/1.8.0/package.tgz
36 verbose lock tar:///Users/ibad444/.npm/bower/1.8.0/package.tgz /Users/ibad444/.npm/3854db7a-d444-npm-bower-1-8-0-package-tgz.lock
37 silly gunzTarPerm modes [ '755', '644' ]
38 error Error: EACCES, mkdir '/usr/local/lib/node_modules/bower'
38 error  { [Error: EACCES, mkdir '/usr/local/lib/node_modules/bower']
38 error   errno: 3,
38 error   code: 'EACCES',
38 error   path: '/usr/local/lib/node_modules/bower',
38 error   fstream_type: 'Directory',
38 error   fstream_path: '/usr/local/lib/node_modules/bower',
38 error   fstream_class: 'DirWriter',
38 error   fstream_stack:
38 error    [ '/usr/local/lib/node_modules/npm/node_modules/fstream/lib/dir-writer.js:36:23',
38 error      '/usr/local/lib/node_modules/npm/node_modules/mkdirp/index.js:46:53',
38 error      'Object.oncomplete (fs.js:107:15)' ] }
39 error Please try running this command again as root/Administrator.
40 error System Darwin 16.6.0
41 error command "node" "/usr/local/bin/npm" "install" "-g" "bower"
42 error cwd /Users/ibad444/Development/sebastian
43 error node -v v0.10.33
44 error npm -v 1.4.28
45 error path /usr/local/lib/node_modules/bower
46 error fstream_path /usr/local/lib/node_modules/bower
47 error fstream_type Directory
48 error fstream_class DirWriter
49 error code EACCES
50 error errno 3
51 error stack Error: EACCES, mkdir '/usr/local/lib/node_modules/bower'
52 error fstream_stack /usr/local/lib/node_modules/npm/node_modules/fstream/lib/dir-writer.js:36:23
52 error fstream_stack /usr/local/lib/node_modules/npm/node_modules/mkdirp/index.js:46:53
52 error fstream_stack Object.oncomplete (fs.js:107:15)
53 verbose exit [ 3, true ]
